0 info it worked if it ends with ok
1 verbose cli [ '/usr/local/bin/node',
1 verbose cli   '/usr/local/bin/npm',
1 verbose cli   'install',
1 verbose cli   '--save-dev',
1 verbose cli   'grunt-cofeelint' ]
2 info using npm@1.4.28
3 info using node@v0.10.36
4 warn package.json OpenGathering@1.0.0 No repository field.
5 warn package.json OpenGathering@1.0.0 No README data
6 verbose readDependencies using package.json deps
7 verbose cache add [ 'grunt-cofeelint', null ]
8 verbose cache add name=undefined spec="grunt-cofeelint" args=["grunt-cofeelint",null]
9 verbose parsed url { protocol: null,
9 verbose parsed url   slashes: null,
9 verbose parsed url   auth: null,
9 verbose parsed url   host: null,
9 verbose parsed url   port: null,
9 verbose parsed url   hostname: null,
9 verbose parsed url   hash: null,
9 verbose parsed url   search: null,
9 verbose parsed url   query: null,
9 verbose parsed url   pathname: 'grunt-cofeelint',
9 verbose parsed url   path: 'grunt-cofeelint',
9 verbose parsed url   href: 'grunt-cofeelint' }
10 silly lockFile 4fac761f-grunt-cofeelint grunt-cofeelint
11 verbose lock grunt-cofeelint /home/zach/.npm/4fac761f-grunt-cofeelint.lock
12 silly lockFile 4fac761f-grunt-cofeelint grunt-cofeelint
13 silly lockFile 4fac761f-grunt-cofeelint grunt-cofeelint
14 verbose addNamed [ 'grunt-cofeelint', '' ]
15 verbose addNamed [ null, '*' ]
16 silly lockFile 6dfcbdcf-grunt-cofeelint grunt-cofeelint@
17 verbose lock grunt-cofeelint@ /home/zach/.npm/6dfcbdcf-grunt-cofeelint.lock
18 silly addNameRange { name: 'grunt-cofeelint', range: '*', hasData: false }
19 verbose request where is /grunt-cofeelint
20 verbose request registry https://registry.npmjs.org/
21 verbose request id bbc1f688902579f8
22 verbose url raw /grunt-cofeelint
23 verbose url resolving [ 'https://registry.npmjs.org/', './grunt-cofeelint' ]
24 verbose url resolved https://registry.npmjs.org/grunt-cofeelint
25 verbose request where is https://registry.npmjs.org/grunt-cofeelint
26 info trying registry request attempt 1 at 23:44:29
27 http GET https://registry.npmjs.org/grunt-cofeelint
28 http 404 https://registry.npmjs.org/grunt-cofeelint
29 verbose headers { date: 'Wed, 04 Feb 2015 04:44:29 GMT',
29 verbose headers   server: 'CouchDB/1.5.0 (Erlang OTP/R16B03)',
29 verbose headers   'content-type': 'application/json',
29 verbose headers   'cache-control': 'max-age=0',
29 verbose headers   'content-length': '52',
29 verbose headers   'accept-ranges': 'bytes',
29 verbose headers   via: '1.1 varnish',
29 verbose headers   age: '0',
29 verbose headers   'x-served-by': 'cache-jfk1025-JFK',
29 verbose headers   'x-cache': 'MISS',
29 verbose headers   'x-cache-hits': '0',
29 verbose headers   'x-timer': 'S1423025069.536843,VS0,VE85',
29 verbose headers   'keep-alive': 'timeout=10, max=50',
29 verbose headers   connection: 'Keep-Alive' }
30 silly registry.get cb [ 404,
30 silly registry.get   { date: 'Wed, 04 Feb 2015 04:44:29 GMT',
30 silly registry.get     server: 'CouchDB/1.5.0 (Erlang OTP/R16B03)',
30 silly registry.get     'content-type': 'application/json',
30 silly registry.get     'cache-control': 'max-age=0',
30 silly registry.get     'content-length': '52',
30 silly registry.get     'accept-ranges': 'bytes',
30 silly registry.get     via: '1.1 varnish',
30 silly registry.get     age: '0',
30 silly registry.get     'x-served-by': 'cache-jfk1025-JFK',
30 silly registry.get     'x-cache': 'MISS',
30 silly registry.get     'x-cache-hits': '0',
30 silly registry.get     'x-timer': 'S1423025069.536843,VS0,VE85',
30 silly registry.get     'keep-alive': 'timeout=10, max=50',
30 silly registry.get     connection: 'Keep-Alive' } ]
31 silly lockFile 6dfcbdcf-grunt-cofeelint grunt-cofeelint@
32 silly lockFile 6dfcbdcf-grunt-cofeelint grunt-cofeelint@
33 error 404 404 Not Found: grunt-cofeelint
33 error 404
33 error 404 'grunt-cofeelint' is not in the npm registry.
33 error 404 You should bug the author to publish it
33 error 404 It was specified as a dependency of 'OpenGathering'
33 error 404
33 error 404 Note that you can also install from a
33 error 404 tarball, folder, or http url, or git url.
34 error System Linux 3.13.0-45-generic
35 error command "/usr/local/bin/node" "/usr/local/bin/npm" "install" "--save-dev" "grunt-cofeelint"
36 error cwd /home/zach/OpenGathering
37 error node -v v0.10.36
38 error npm -v 1.4.28
39 error code E404
40 verbose exit [ 1, true ]
